<?xml version="1.0" encoding="UTF-8"?>
<testng-results ignored="0" total="1" passed="1" failed="0" skipped="0">
  <reporter-output>
  </reporter-output>
  <suite started-at="2025-11-27T14:57:37 IST" name="Default suite" finished-at="2025-11-27T14:58:10 IST" duration-ms="33559">
    <groups>
    </groups>
    <test started-at="2025-11-27T14:57:37 IST" name="Default test" finished-at="2025-11-27T14:58:10 IST" duration-ms="33559">
      <class name="com.DemoWebShop_TestScripts.Tc_002_verify_user_Is_Able_To_Delete_Addresss_or_Not">
        <test-method is-config="true" signature="beforeSuite()[pri:0, instance:com.DemoWebShop_TestScripts.Tc_002_verify_user_Is_Able_To_Delete_Addresss_or_Not@694abbdc]" started-at="2025-11-27T14:57:37 IST" name="beforeSuite" finished-at="2025-11-27T14:57:37 IST" duration-ms="13" status="PASS">
          <reporter-output>
          </reporter-output>
        </test-method> <!-- beforeSuite -->
        <test-method is-config="true" signature="beforeTest()[pri:0, instance:com.DemoWebShop_TestScripts.Tc_002_verify_user_Is_Able_To_Delete_Addresss_or_Not@694abbdc]" started-at="2025-11-27T14:57:37 IST" name="beforeTest" finished-at="2025-11-27T14:57:37 IST" duration-ms="263" status="PASS">
          <reporter-output>
          </reporter-output>
        </test-method> <!-- beforeTest -->
        <test-method is-config="true" signature="beforeClass()[pri:0, instance:com.DemoWebShop_TestScripts.Tc_002_verify_user_Is_Able_To_Delete_Addresss_or_Not@694abbdc]" started-at="2025-11-27T14:57:37 IST" name="beforeClass" finished-at="2025-11-27T14:57:43 IST" duration-ms="6455" status="PASS">
          <reporter-output>
          </reporter-output>
        </test-method> <!-- beforeClass -->
        <test-method is-config="true" signature="beforeMethod()[pri:0, instance:com.DemoWebShop_TestScripts.Tc_002_verify_user_Is_Able_To_Delete_Addresss_or_Not@694abbdc]" started-at="2025-11-27T14:57:44 IST" name="beforeMethod" finished-at="2025-11-27T14:57:47 IST" duration-ms="3797" status="PASS">
          <reporter-output>
          </reporter-output>
        </test-method> <!-- beforeMethod -->
        <test-method signature="addAddress()[pri:0, instance:com.DemoWebShop_TestScripts.Tc_002_verify_user_Is_Able_To_Delete_Addresss_or_Not@694abbdc]" started-at="2025-11-27T14:57:47 IST" name="addAddress" finished-at="2025-11-27T14:58:05 IST" duration-ms="17516" status="PASS">
          <reporter-output>
          </reporter-output>
        </test-method> <!-- addAddress -->
        <test-method is-config="true" signature="afterMethod()[pri:0, instance:com.DemoWebShop_TestScripts.Tc_002_verify_user_Is_Able_To_Delete_Addresss_or_Not@694abbdc]" started-at="2025-11-27T14:58:05 IST" name="afterMethod" finished-at="2025-11-27T14:58:07 IST" duration-ms="1654" status="PASS">
          <reporter-output>
          </reporter-output>
        </test-method> <!-- afterMethod -->
        <test-method is-config="true" signature="afterClass()[pri:0, instance:com.DemoWebShop_TestScripts.Tc_002_verify_user_Is_Able_To_Delete_Addresss_or_Not@694abbdc]" started-at="2025-11-27T14:58:07 IST" name="afterClass" finished-at="2025-11-27T14:58:10 IST" duration-ms="3354" status="PASS">
          <reporter-output>
          </reporter-output>
        </test-method> <!-- afterClass -->
        <test-method is-config="true" signature="afterTest()[pri:0, instance:com.DemoWebShop_TestScripts.Tc_002_verify_user_Is_Able_To_Delete_Addresss_or_Not@694abbdc]" started-at="2025-11-27T14:58:10 IST" name="afterTest" finished-at="2025-11-27T14:58:10 IST" duration-ms="423" status="PASS">
          <reporter-output>
          </reporter-output>
        </test-method> <!-- afterTest -->
        <test-method is-config="true" signature="afterdSuite()[pri:0, instance:com.DemoWebShop_TestScripts.Tc_002_verify_user_Is_Able_To_Delete_Addresss_or_Not@694abbdc]" started-at="2025-11-27T14:58:10 IST" name="afterdSuite" finished-at="2025-11-27T14:58:10 IST" duration-ms="1" status="PASS">
          <reporter-output>
          </reporter-output>
        </test-method> <!-- afterdSuite -->
      </class> <!-- com.DemoWebShop_TestScripts.Tc_002_verify_user_Is_Able_To_Delete_Addresss_or_Not -->
    </test> <!-- Default test -->
  </suite> <!-- Default suite -->
</testng-results>
