<?xml version="1.0" encoding="UTF-8"?>
<!-- Generated by org.testng.reporters.JUnitReportReporter -->
<testsuite hostname="Muthu-Ragul" failures="0" tests="1" name="com.DemoWebShop_TestScripts.Tc_002_verify_user_Is_Able_To_Delete_Addresss_or_Not" time="22.967" errors="0" timestamp="2025-11-27T14:58:10 IST" skipped="0">
  <testcase classname="com.DemoWebShop_TestScripts.Tc_002_verify_user_Is_Able_To_Delete_Addresss_or_Not" name="addAddress" time="22.967"/>
</testsuite> <!-- com.DemoWebShop_TestScripts.Tc_002_verify_user_Is_Able_To_Delete_Addresss_or_Not -->
